<?xml version="1.0" encoding="UTF-8"?>
<!-- Generated by org.testng.reporters.JUnitReportReporter -->
<testsuite hostname="DESKTOP-0O3G64A" failures="0" tests="1" name="tests.ThreeTest" time="25.083" errors="0" timestamp="2025-02-08T03:29:48 IST" skipped="0">
  <testcase classname="tests.ThreeTest" name="testThree" time="25.083"/>
</testsuite> <!-- tests.ThreeTest -->
